<?xml version="1.0" encoding="UTF-8"?>
<testng-results ignored="0" total="1" passed="1" failed="0" skipped="0">
  <reporter-output>
  </reporter-output>
  <suite started-at="2022-07-18T10:51:11Z" name="Default suite" finished-at="2022-07-18T10:51:11Z" duration-ms="54">
    <groups>
    </groups>
    <test started-at="2022-07-18T10:51:11Z" name="Default test" finished-at="2022-07-18T10:51:11Z" duration-ms="54">
      <class name="sample.simpleTest">
        <test-method signature="hi()[pri:0, instance:sample.simpleTest@7ceb3185]" started-at="2022-07-18T10:51:11Z" name="hi" finished-at="2022-07-18T10:51:11Z" duration-ms="20" status="PASS">
          <reporter-output>
          </reporter-output>
        </test-method> <!-- hi -->
      </class> <!-- sample.simpleTest -->
    </test> <!-- Default test -->
  </suite> <!-- Default suite -->
</testng-results>
